<?xml version="1.0" encoding="UTF-8"?>
<testng-results ignored="0" total="1" passed="1" failed="0" skipped="0">
  <reporter-output>
  </reporter-output>
  <suite started-at="2022-06-05T00:25:23 EDT" name="Default suite" finished-at="2022-06-05T00:25:28 EDT" duration-ms="5496">
    <groups>
    </groups>
    <test started-at="2022-06-05T00:25:23 EDT" name="Default test" finished-at="2022-06-05T00:25:28 EDT" duration-ms="5496">
      <class name="com.amazonTests.loginTests">
        <test-method is-config="true" signature="setUp()[pri:0, instance:com.amazonTests.loginTests@6a933be2]" started-at="2022-06-05T00:25:23 EDT" name="setUp" finished-at="2022-06-05T00:25:23 EDT" duration-ms="5" status="PASS">
          <reporter-output>
          </reporter-output>
        </test-method> <!-- setUp -->
        <test-method signature="login()[pri:1, instance:com.amazonTests.loginTests@6a933be2]" started-at="2022-06-05T00:25:23 EDT" name="login" finished-at="2022-06-05T00:25:24 EDT" duration-ms="1273" status="PASS">
          <reporter-output>
          </reporter-output>
        </test-method> <!-- login -->
        <test-method is-config="true" signature="tearDown()[pri:0, instance:com.amazonTests.loginTests@6a933be2]" started-at="2022-06-05T00:25:24 EDT" name="tearDown" finished-at="2022-06-05T00:25:28 EDT" duration-ms="4164" status="PASS">
          <reporter-output>
          </reporter-output>
        </test-method> <!-- tearDown -->
      </class> <!-- com.amazonTests.loginTests -->
    </test> <!-- Default test -->
  </suite> <!-- Default suite -->
</testng-results>
