<?xml version="1.0" encoding="UTF-8"?>
<testng-results ignored="0" total="1" passed="1" failed="0" skipped="0">
  <reporter-output>
  </reporter-output>
  <suite started-at="2022-06-05T11:44:16 EDT" name="Default suite" finished-at="2022-06-05T11:44:25 EDT" duration-ms="9049">
    <groups>
    </groups>
    <test started-at="2022-06-05T11:44:16 EDT" name="Default test" finished-at="2022-06-05T11:44:25 EDT" duration-ms="9049">
      <class name="com.amazonTests.searchTests">
        <test-method is-config="true" signature="setUp()[pri:0, instance:com.amazonTests.searchTests@5bb8f9e2]" started-at="2022-06-05T11:44:16 EDT" name="setUp" finished-at="2022-06-05T11:44:16 EDT" duration-ms="2" status="PASS">
          <reporter-output>
          </reporter-output>
        </test-method> <!-- setUp -->
        <test-method signature="seachItem()[pri:0, instance:com.amazonTests.searchTests@5bb8f9e2]" started-at="2022-06-05T11:44:16 EDT" name="seachItem" finished-at="2022-06-05T11:44:21 EDT" duration-ms="4865" status="PASS">
          <reporter-output>
          </reporter-output>
        </test-method> <!-- seachItem -->
        <test-method is-config="true" signature="tearDown()[pri:0, instance:com.amazonTests.searchTests@5bb8f9e2]" started-at="2022-06-05T11:44:21 EDT" name="tearDown" finished-at="2022-06-05T11:44:25 EDT" duration-ms="4145" status="PASS">
          <reporter-output>
          </reporter-output>
        </test-method> <!-- tearDown -->
      </class> <!-- com.amazonTests.searchTests -->
    </test> <!-- Default test -->
  </suite> <!-- Default suite -->
</testng-results>
